Started by user [8mha:////4M/bqk4aNQZHVITmKUsCYYCPPDlY0yTb56LIPx2Pjh0RAAAAlx+LCAAAAAAAAP9b85aBtbiIQTGjNKU4P08vOT+vOD8nVc83PyU1x6OyILUoJzMv2y+/JJUBAhiZGBgqihhk0NSjKDWzXb3RdlLBUSYGJk8GtpzUvPSSDB8G5tKinBIGIZ+sxLJE/ZzEvHT94JKizLx0a6BxUmjGOUNodHsLgAzWEgZu/dLi1CL9xJTczDwAj6GcLcAAAAA=[0madmin
Running as SYSTEM
Building in workspace C:\WINDOWS\system32\config\systemprofile\AppData\Local\Jenkins\.jenkins\workspace\rajutest
The recommended git tool is: NONE
No credentials specified
 > git.exe rev-parse --resolve-git-dir C:\WINDOWS\system32\config\systemprofile\AppData\Local\Jenkins\.jenkins\workspace\rajutest\.git # timeout=10
Fetching changes from the remote Git repository
 > git.exe config remote.origin.url https://github.com/nagadevops2016/jenkins-maven.git # timeout=10
Fetching upstream changes from https://github.com/nagadevops2016/jenkins-maven.git
 > git.exe --version # timeout=10
 > git --version # 'git version 2.30.1.windows.1'
 > git.exe fetch --tags --force --progress -- https://github.com/nagadevops2016/jenkins-maven.git +refs/heads/*:refs/remotes/origin/* # timeout=10
 > git.exe rev-parse "refs/remotes/origin/master^{commit}" # timeout=10
Checking out Revision bf46ffa2adfd78d60d84d1db1300814533aea6ed (refs/remotes/origin/master)
 > git.exe config core.sparsecheckout # timeout=10
 > git.exe checkout -f bf46ffa2adfd78d60d84d1db1300814533aea6ed # timeout=10
Commit message: "Update index.jsp"
 > git.exe rev-list --no-walk bf46ffa2adfd78d60d84d1db1300814533aea6ed # timeout=10
[rajutest] $ cmd.exe /C '""C:\Users\akshaya computers\Desktop\DevOps\apache-maven-3.6.3\bin\mvn.cmd"' clean verify sonar:sonar -Dsonar.login=admin _Dsonar.password=admin123 && exit %%ERRORLEVEL%%"
[INFO] Scanning for projects...
[INFO] ------------------------------------------------------------------------
[INFO] Reactor Build Order:
[INFO] 
[INFO] Time Tracker (Parent)                                              [pom]
[INFO] Time Tracker (Core)                                                [jar]
[INFO] Time Tracker (Web)                                                 [war]
[INFO] 
[INFO] -------------< training.time-tracker:time-tracker-parent >--------------
[INFO] Building Time Tracker (Parent) 0.3.1-SNAPSHOT                      [1/3]
[INFO] --------------------------------[ pom ]---------------------------------
[INFO] 
[8mha:////4JxSD+fj4cgTIpdr/mNPy6uRkvruDMP1vAmhwN/ArwaIAAAAYB+LCAAAAAAAAP9b85aBtbiIQSmjNKU4P0+vJLE4u1gvPjexLDVPzxdEGvvmZ+X75ZekLlOVfvTjc8FPJgaGiiIGKaiG5Py84vycVD1nCA1SyAABjCCFBQCV27OjYAAAAA==[0m[INFO] --- maven-clean-plugin:2.5:clean (default-clean) @ time-tracker-parent ---
[INFO] 
[INFO] --------------< training.time-tracker:time-tracker-core >---------------
[INFO] Building Time Tracker (Core) 0.3.1-SNAPSHOT                        [2/3]
[INFO] --------------------------------[ jar ]---------------------------------
[INFO] 
[8mha:////4JxSD+fj4cgTIpdr/mNPy6uRkvruDMP1vAmhwN/ArwaIAAAAYB+LCAAAAAAAAP9b85aBtbiIQSmjNKU4P0+vJLE4u1gvPjexLDVPzxdEGvvmZ+X75ZekLlOVfvTjc8FPJgaGiiIGKaiG5Py84vycVD1nCA1SyAABjCCFBQCV27OjYAAAAA==[0m[INFO] --- maven-clean-plugin:2.5:clean (default-clean) @ time-tracker-core ---
[INFO] 
[8mha:////4JxSD+fj4cgTIpdr/mNPy6uRkvruDMP1vAmhwN/ArwaIAAAAYB+LCAAAAAAAAP9b85aBtbiIQSmjNKU4P0+vJLE4u1gvPjexLDVPzxdEGvvmZ+X75ZekLlOVfvTjc8FPJgaGiiIGKaiG5Py84vycVD1nCA1SyAABjCCFBQCV27OjYAAAAA==[0m[INFO] --- maven-resources-plugin:2.6:resources (default-resources) @ time-tracker-core ---
[8mha:////4C2amq/RO5fqkMSiLQ72SenxiTwCcnNaCqmOnNN18vxXAAAAYx+LCAAAAAAAAP9b85aBtbiIQSWjNKU4P0+vJLE4u1gvPjexLDVPzxdEhicW5WXmpfvll6S2fNly5fzGzauYGBgqihikoFqS8/OK83NS9ZwhNEghAwQwghQWAACwxA+XYgAAAA==[0m[WARNING] Using platform encoding (Cp1252 actually) to copy filtered resources, i.e. build is platform dependent!
[INFO] skip non existing resourceDirectory C:\Windows\System32\config\systemprofile\AppData\Local\Jenkins\.jenkins\workspace\rajutest\core\src\main\resources
[INFO] 
[8mha:////4JxSD+fj4cgTIpdr/mNPy6uRkvruDMP1vAmhwN/ArwaIAAAAYB+LCAAAAAAAAP9b85aBtbiIQSmjNKU4P0+vJLE4u1gvPjexLDVPzxdEGvvmZ+X75ZekLlOVfvTjc8FPJgaGiiIGKaiG5Py84vycVD1nCA1SyAABjCCFBQCV27OjYAAAAA==[0m[INFO] --- maven-compiler-plugin:3.3:compile (default-compile) @ time-tracker-core ---
[INFO] Changes detected - recompiling the module!
[8mha:////4C2amq/RO5fqkMSiLQ72SenxiTwCcnNaCqmOnNN18vxXAAAAYx+LCAAAAAAAAP9b85aBtbiIQSWjNKU4P0+vJLE4u1gvPjexLDVPzxdEhicW5WXmpfvll6S2fNly5fzGzauYGBgqihikoFqS8/OK83NS9ZwhNEghAwQwghQWAACwxA+XYgAAAA==[0m[WARNING] File encoding has not been set, using platform encoding Cp1252, i.e. build is platform dependent!
[INFO] Compiling 3 source files to C:\Windows\System32\config\systemprofile\AppData\Local\Jenkins\.jenkins\workspace\rajutest\core\target\classes
[INFO] 
[8mha:////4JxSD+fj4cgTIpdr/mNPy6uRkvruDMP1vAmhwN/ArwaIAAAAYB+LCAAAAAAAAP9b85aBtbiIQSmjNKU4P0+vJLE4u1gvPjexLDVPzxdEGvvmZ+X75ZekLlOVfvTjc8FPJgaGiiIGKaiG5Py84vycVD1nCA1SyAABjCCFBQCV27OjYAAAAA==[0m[INFO] --- maven-resources-plugin:2.6:testResources (default-testResources) @ time-tracker-core ---
[8mha:////4C2amq/RO5fqkMSiLQ72SenxiTwCcnNaCqmOnNN18vxXAAAAYx+LCAAAAAAAAP9b85aBtbiIQSWjNKU4P0+vJLE4u1gvPjexLDVPzxdEhicW5WXmpfvll6S2fNly5fzGzauYGBgqihikoFqS8/OK83NS9ZwhNEghAwQwghQWAACwxA+XYgAAAA==[0m[WARNING] Using platform encoding (Cp1252 actually) to copy filtered resources, i.e. build is platform dependent!
[INFO] skip non existing resourceDirectory C:\Windows\System32\config\systemprofile\AppData\Local\Jenkins\.jenkins\workspace\rajutest\core\src\test\resources
[INFO] 
[8mha:////4JxSD+fj4cgTIpdr/mNPy6uRkvruDMP1vAmhwN/ArwaIAAAAYB+LCAAAAAAAAP9b85aBtbiIQSmjNKU4P0+vJLE4u1gvPjexLDVPzxdEGvvmZ+X75ZekLlOVfvTjc8FPJgaGiiIGKaiG5Py84vycVD1nCA1SyAABjCCFBQCV27OjYAAAAA==[0m[INFO] --- maven-compiler-plugin:3.3:testCompile (default-testCompile) @ time-tracker-core ---
[INFO] Changes detected - recompiling the module!
[8mha:////4C2amq/RO5fqkMSiLQ72SenxiTwCcnNaCqmOnNN18vxXAAAAYx+LCAAAAAAAAP9b85aBtbiIQSWjNKU4P0+vJLE4u1gvPjexLDVPzxdEhicW5WXmpfvll6S2fNly5fzGzauYGBgqihikoFqS8/OK83NS9ZwhNEghAwQwghQWAACwxA+XYgAAAA==[0m[WARNING] File encoding has not been set, using platform encoding Cp1252, i.e. build is platform dependent!
[INFO] Compiling 2 source files to C:\Windows\System32\config\systemprofile\AppData\Local\Jenkins\.jenkins\workspace\rajutest\core\target\test-classes
[INFO] 
[8mha:////4JxSD+fj4cgTIpdr/mNPy6uRkvruDMP1vAmhwN/ArwaIAAAAYB+LCAAAAAAAAP9b85aBtbiIQSmjNKU4P0+vJLE4u1gvPjexLDVPzxdEGvvmZ+X75ZekLlOVfvTjc8FPJgaGiiIGKaiG5Py84vycVD1nCA1SyAABjCCFBQCV27OjYAAAAA==[0m[INFO] --- maven-surefire-plugin:2.12.4:test (default-test) @ time-tracker-core ---
[INFO] Surefire report directory: C:\Windows\System32\config\systemprofile\AppData\Local\Jenkins\.jenkins\workspace\rajutest\core\target\surefire-reports

-------------------------------------------------------
 T E S T S
-------------------------------------------------------
Running pro.jtaylor.timetracker.core.TrackerCoreConfigTest
May 06, 2021 5:03:32 PM org.springframework.test.context.support.DefaultTestContextBootstrapper getDefaultTestExecutionListenerClassNames
INFO: Loaded default TestExecutionListener class names from location [META-INF/spring.factories]: [org.springframework.test.context.web.ServletTestExecutionListener, org.springframework.test.context.support.DependencyInjectionTestExecutionListener, org.springframework.test.context.support.DirtiesContextTestExecutionListener, org.springframework.test.context.transaction.TransactionalTestExecutionListener, org.springframework.test.context.jdbc.SqlScriptsTestExecutionListener]
May 06, 2021 5:03:32 PM org.springframework.test.context.support.DefaultTestContextBootstrapper instantiateListeners
INFO: Could not instantiate TestExecutionListener [org.springframework.test.context.web.ServletTestExecutionListener]. Specify custom listener classes or make the default listener classes (and their required dependencies) available. Offending class: [javax/servlet/ServletContext]
May 06, 2021 5:03:32 PM org.springframework.test.context.support.DefaultTestContextBootstrapper instantiateListeners
INFO: Could not instantiate TestExecutionListener [org.springframework.test.context.transaction.TransactionalTestExecutionListener]. Specify custom listener classes or make the default listener classes (and their required dependencies) available. Offending class: [org/springframework/transaction/interceptor/TransactionAttributeSource]
May 06, 2021 5:03:32 PM org.springframework.test.context.support.DefaultTestContextBootstrapper instantiateListeners
INFO: Could not instantiate TestExecutionListener [org.springframework.test.context.jdbc.SqlScriptsTestExecutionListener]. Specify custom listener classes or make the default listener classes (and their required dependencies) available. Offending class: [org/springframework/transaction/interceptor/TransactionAttribute]
May 06, 2021 5:03:33 PM org.springframework.test.context.support.DefaultTestContextBootstrapper getTestExecutionListeners
INFO: Using TestExecutionListeners: [org.springframework.test.context.support.DependencyInjectionTestExecutionListener@6442b0a6, org.springframework.test.context.support.DirtiesContextTestExecutionListener@60f82f98]
May 06, 2021 5:03:33 PM org.springframework.context.support.GenericApplicationContext prepareRefresh
INFO: Refreshing org.springframework.context.support.GenericApplicationContext@531be3c5: startup date [Thu May 06 17:03:33 IST 2021]; root of context hierarchy
Tests run: 1, Failures: 0, Errors: 0, Skipped: 0, Time elapsed: 3.509 sec
Running pro.jtaylor.timetracker.core.TrackerTest
May 06, 2021 5:03:35 PM org.springframework.test.context.support.DefaultTestContextBootstrapper getDefaultTestExecutionListenerClassNames
INFO: Loaded default TestExecutionListener class names from location [META-INF/spring.factories]: [org.springframework.test.context.web.ServletTestExecutionListener, org.springframework.test.context.support.DependencyInjectionTestExecutionListener, org.springframework.test.context.support.DirtiesContextTestExecutionListener, org.springframework.test.context.transaction.TransactionalTestExecutionListener, org.springframework.test.context.jdbc.SqlScriptsTestExecutionListener]
May 06, 2021 5:03:35 PM org.springframework.test.context.support.DefaultTestContextBootstrapper instantiateListeners
INFO: Could not instantiate TestExecutionListener [org.springframework.test.context.web.ServletTestExecutionListener]. Specify custom listener classes or make the default listener classes (and their required dependencies) available. Offending class: [javax/servlet/ServletContext]
May 06, 2021 5:03:35 PM org.springframework.test.context.support.DefaultTestContextBootstrapper instantiateListeners
INFO: Could not instantiate TestExecutionListener [org.springframework.test.context.transaction.TransactionalTestExecutionListener]. Specify custom listener classes or make the default listener classes (and their required dependencies) available. Offending class: [org/springframework/transaction/interceptor/TransactionAttributeSource]
May 06, 2021 5:03:35 PM org.springframework.test.context.support.DefaultTestContextBootstrapper instantiateListeners
INFO: Could not instantiate TestExecutionListener [org.springframework.test.context.jdbc.SqlScriptsTestExecutionListener]. Specify custom listener classes or make the default listener classes (and their required dependencies) available. Offending class: [org/springframework/transaction/interceptor/TransactionAttribute]
May 06, 2021 5:03:35 PM org.springframework.test.context.support.DefaultTestContextBootstrapper getTestExecutionListeners
INFO: Using TestExecutionListeners: [org.springframework.test.context.support.DependencyInjectionTestExecutionListener@6af93788, org.springframework.test.context.support.DirtiesContextTestExecutionListener@ef9296d]
Tests run: 2, Failures: 0, Errors: 0, Skipped: 0, Time elapsed: 0.023 sec
May 06, 2021 5:03:35 PM org.springframework.context.support.GenericApplicationContext doClose
INFO: Closing org.springframework.context.support.GenericApplicationContext@531be3c5: startup date [Thu May 06 17:03:33 IST 2021]; root of context hierarchy

Results :

Tests run: 3, Failures: 0, Errors: 0, Skipped: 0

[INFO] 
[8mha:////4JxSD+fj4cgTIpdr/mNPy6uRkvruDMP1vAmhwN/ArwaIAAAAYB+LCAAAAAAAAP9b85aBtbiIQSmjNKU4P0+vJLE4u1gvPjexLDVPzxdEGvvmZ+X75ZekLlOVfvTjc8FPJgaGiiIGKaiG5Py84vycVD1nCA1SyAABjCCFBQCV27OjYAAAAA==[0m[INFO] --- maven-jar-plugin:2.4:jar (default-jar) @ time-tracker-core ---
[INFO] Building jar: C:\Windows\System32\config\systemprofile\AppData\Local\Jenkins\.jenkins\workspace\rajutest\core\target\time-tracker-core-0.3.1-SNAPSHOT.jar
[INFO] 
[INFO] ---------------< training.time-tracker:time-tracker-web >---------------
[INFO] Building Time Tracker (Web) 0.3.1-SNAPSHOT                         [3/3]
[INFO] --------------------------------[ war ]---------------------------------
[INFO] 
[8mha:////4JxSD+fj4cgTIpdr/mNPy6uRkvruDMP1vAmhwN/ArwaIAAAAYB+LCAAAAAAAAP9b85aBtbiIQSmjNKU4P0+vJLE4u1gvPjexLDVPzxdEGvvmZ+X75ZekLlOVfvTjc8FPJgaGiiIGKaiG5Py84vycVD1nCA1SyAABjCCFBQCV27OjYAAAAA==[0m[INFO] --- maven-clean-plugin:2.5:clean (default-clean) @ time-tracker-web ---
[INFO] 
[8mha:////4JxSD+fj4cgTIpdr/mNPy6uRkvruDMP1vAmhwN/ArwaIAAAAYB+LCAAAAAAAAP9b85aBtbiIQSmjNKU4P0+vJLE4u1gvPjexLDVPzxdEGvvmZ+X75ZekLlOVfvTjc8FPJgaGiiIGKaiG5Py84vycVD1nCA1SyAABjCCFBQCV27OjYAAAAA==[0m[INFO] --- maven-resources-plugin:2.6:resources (default-resources) @ time-tracker-web ---
[8mha:////4C2amq/RO5fqkMSiLQ72SenxiTwCcnNaCqmOnNN18vxXAAAAYx+LCAAAAAAAAP9b85aBtbiIQSWjNKU4P0+vJLE4u1gvPjexLDVPzxdEhicW5WXmpfvll6S2fNly5fzGzauYGBgqihikoFqS8/OK83NS9ZwhNEghAwQwghQWAACwxA+XYgAAAA==[0m[WARNING] Using platform encoding (Cp1252 actually) to copy filtered resources, i.e. build is platform dependent!
[INFO] skip non existing resourceDirectory C:\Windows\System32\config\systemprofile\AppData\Local\Jenkins\.jenkins\workspace\rajutest\web\src\main\resources
[INFO] 
[8mha:////4JxSD+fj4cgTIpdr/mNPy6uRkvruDMP1vAmhwN/ArwaIAAAAYB+LCAAAAAAAAP9b85aBtbiIQSmjNKU4P0+vJLE4u1gvPjexLDVPzxdEGvvmZ+X75ZekLlOVfvTjc8FPJgaGiiIGKaiG5Py84vycVD1nCA1SyAABjCCFBQCV27OjYAAAAA==[0m[INFO] --- maven-compiler-plugin:3.3:compile (default-compile) @ time-tracker-web ---
[INFO] No sources to compile
[INFO] 
[8mha:////4JxSD+fj4cgTIpdr/mNPy6uRkvruDMP1vAmhwN/ArwaIAAAAYB+LCAAAAAAAAP9b85aBtbiIQSmjNKU4P0+vJLE4u1gvPjexLDVPzxdEGvvmZ+X75ZekLlOVfvTjc8FPJgaGiiIGKaiG5Py84vycVD1nCA1SyAABjCCFBQCV27OjYAAAAA==[0m[INFO] --- maven-resources-plugin:2.6:testResources (default-testResources) @ time-tracker-web ---
[8mha:////4C2amq/RO5fqkMSiLQ72SenxiTwCcnNaCqmOnNN18vxXAAAAYx+LCAAAAAAAAP9b85aBtbiIQSWjNKU4P0+vJLE4u1gvPjexLDVPzxdEhicW5WXmpfvll6S2fNly5fzGzauYGBgqihikoFqS8/OK83NS9ZwhNEghAwQwghQWAACwxA+XYgAAAA==[0m[WARNING] Using platform encoding (Cp1252 actually) to copy filtered resources, i.e. build is platform dependent!
[INFO] skip non existing resourceDirectory C:\Windows\System32\config\systemprofile\AppData\Local\Jenkins\.jenkins\workspace\rajutest\web\src\test\resources
[INFO] 
[8mha:////4JxSD+fj4cgTIpdr/mNPy6uRkvruDMP1vAmhwN/ArwaIAAAAYB+LCAAAAAAAAP9b85aBtbiIQSmjNKU4P0+vJLE4u1gvPjexLDVPzxdEGvvmZ+X75ZekLlOVfvTjc8FPJgaGiiIGKaiG5Py84vycVD1nCA1SyAABjCCFBQCV27OjYAAAAA==[0m[INFO] --- maven-compiler-plugin:3.3:testCompile (default-testCompile) @ time-tracker-web ---
[INFO] No sources to compile
[INFO] 
[8mha:////4JxSD+fj4cgTIpdr/mNPy6uRkvruDMP1vAmhwN/ArwaIAAAAYB+LCAAAAAAAAP9b85aBtbiIQSmjNKU4P0+vJLE4u1gvPjexLDVPzxdEGvvmZ+X75ZekLlOVfvTjc8FPJgaGiiIGKaiG5Py84vycVD1nCA1SyAABjCCFBQCV27OjYAAAAA==[0m[INFO] --- maven-surefire-plugin:2.12.4:test (default-test) @ time-tracker-web ---
[INFO] No tests to run.
[INFO] 
[8mha:////4JxSD+fj4cgTIpdr/mNPy6uRkvruDMP1vAmhwN/ArwaIAAAAYB+LCAAAAAAAAP9b85aBtbiIQSmjNKU4P0+vJLE4u1gvPjexLDVPzxdEGvvmZ+X75ZekLlOVfvTjc8FPJgaGiiIGKaiG5Py84vycVD1nCA1SyAABjCCFBQCV27OjYAAAAA==[0m[INFO] --- maven-war-plugin:2.2:war (default-war) @ time-tracker-web ---
[INFO] Packaging webapp
[INFO] Assembling webapp [time-tracker-web] in [C:\Windows\System32\config\systemprofile\AppData\Local\Jenkins\.jenkins\workspace\rajutest\web\target\time-tracker-web-0.3.1-SNAPSHOT]
[INFO] Processing war project
[INFO] Copying webapp resources [C:\Windows\System32\config\systemprofile\AppData\Local\Jenkins\.jenkins\workspace\rajutest\web\src\main\webapp]
[INFO] Webapp assembled in [161 msecs]
[INFO] Building war: C:\Windows\System32\config\systemprofile\AppData\Local\Jenkins\.jenkins\workspace\rajutest\web\target\time-tracker-web-0.3.1-SNAPSHOT.war
[INFO] WEB-INF\web.xml already added, skipping
[INFO] 
[INFO] -------------< training.time-tracker:time-tracker-parent >--------------
[INFO] Building Time Tracker (Parent) 0.3.1-SNAPSHOT                      [4/3]
[INFO] --------------------------------[ pom ]---------------------------------
[INFO] 
[8mha:////4JxSD+fj4cgTIpdr/mNPy6uRkvruDMP1vAmhwN/ArwaIAAAAYB+LCAAAAAAAAP9b85aBtbiIQSmjNKU4P0+vJLE4u1gvPjexLDVPzxdEGvvmZ+X75ZekLlOVfvTjc8FPJgaGiiIGKaiG5Py84vycVD1nCA1SyAABjCCFBQCV27OjYAAAAA==[0m[INFO] --- sonar-maven-plugin:3.9.0.2155:sonar (default-cli) @ time-tracker-parent ---
[INFO] User cache: C:\WINDOWS\system32\config\systemprofile\.sonar\cache
[INFO] SonarQube version: 8.9.0
[INFO] Default locale: "en_US", source code encoding: "windows-1252" (analysis is platform dependent)
[8mha:////4C2amq/RO5fqkMSiLQ72SenxiTwCcnNaCqmOnNN18vxXAAAAYx+LCAAAAAAAAP9b85aBtbiIQSWjNKU4P0+vJLE4u1gvPjexLDVPzxdEhicW5WXmpfvll6S2fNly5fzGzauYGBgqihikoFqS8/OK83NS9ZwhNEghAwQwghQWAACwxA+XYgAAAA==[0m[WARNING] SonarScanner will require Java 11 to run, starting in SonarQube 9.x
[INFO] Load global settings
[INFO] 
[INFO] ------------------------------------------------------------------------
[INFO] Skipping Time Tracker (Parent)
[INFO] This project has been banned from the build due to previous failures.
[INFO] ------------------------------------------------------------------------
[INFO] ------------------------------------------------------------------------
[INFO] Reactor Summary for Time Tracker (Parent) 0.3.1-SNAPSHOT:
[INFO] 
[INFO] Time Tracker (Parent) .............................. FAILURE [  6.562 s]
[INFO] Time Tracker (Core) ................................ SUCCESS [ 26.797 s]
[INFO] Time Tracker (Web) ................................. SUCCESS [  2.467 s]
[INFO] ------------------------------------------------------------------------
[INFO] BUILD FAILURE
[INFO] ------------------------------------------------------------------------
[INFO] Total time:  41.435 s
[INFO] Finished at: 2021-05-06T17:03:46+05:30
[INFO] ------------------------------------------------------------------------
[8mha:////4LgdBSLrDkAIe9rOnqR3L6VYs8VLXsmVpQ9Ka755WXanAAAAYB+LCAAAAAAAAP9b85aBtbiIQSmjNKU4P0+vJLE4u1gvPjexLDVPzxdEuhYV5Rf55ZekOlc7RKnPKH7IxMBQUcQgBdWQnJ9XnJ+TqucMoUEKGSCAEaSwAACsNFCqYAAAAA==[0m[ERROR] Failed to execute goal org.sonarsource.scanner.maven:sonar-maven-plugin:3.9.0.2155:sonar (default-cli) on project time-tracker-parent: Not authorized. Please check the properties sonar.login and sonar.password. -> [Help 1]
[8mha:////4LgdBSLrDkAIe9rOnqR3L6VYs8VLXsmVpQ9Ka755WXanAAAAYB+LCAAAAAAAAP9b85aBtbiIQSmjNKU4P0+vJLE4u1gvPjexLDVPzxdEuhYV5Rf55ZekOlc7RKnPKH7IxMBQUcQgBdWQnJ9XnJ+TqucMoUEKGSCAEaSwAACsNFCqYAAAAA==[0m[ERROR] 
[8mha:////4LgdBSLrDkAIe9rOnqR3L6VYs8VLXsmVpQ9Ka755WXanAAAAYB+LCAAAAAAAAP9b85aBtbiIQSmjNKU4P0+vJLE4u1gvPjexLDVPzxdEuhYV5Rf55ZekOlc7RKnPKH7IxMBQUcQgBdWQnJ9XnJ+TqucMoUEKGSCAEaSwAACsNFCqYAAAAA==[0m[ERROR] To see the full stack trace of the errors, re-run Maven with the -e switch.
[8mha:////4LgdBSLrDkAIe9rOnqR3L6VYs8VLXsmVpQ9Ka755WXanAAAAYB+LCAAAAAAAAP9b85aBtbiIQSmjNKU4P0+vJLE4u1gvPjexLDVPzxdEuhYV5Rf55ZekOlc7RKnPKH7IxMBQUcQgBdWQnJ9XnJ+TqucMoUEKGSCAEaSwAACsNFCqYAAAAA==[0m[ERROR] Re-run Maven using the -X switch to enable full debug logging.
[8mha:////4LgdBSLrDkAIe9rOnqR3L6VYs8VLXsmVpQ9Ka755WXanAAAAYB+LCAAAAAAAAP9b85aBtbiIQSmjNKU4P0+vJLE4u1gvPjexLDVPzxdEuhYV5Rf55ZekOlc7RKnPKH7IxMBQUcQgBdWQnJ9XnJ+TqucMoUEKGSCAEaSwAACsNFCqYAAAAA==[0m[ERROR] 
[8mha:////4LgdBSLrDkAIe9rOnqR3L6VYs8VLXsmVpQ9Ka755WXanAAAAYB+LCAAAAAAAAP9b85aBtbiIQSmjNKU4P0+vJLE4u1gvPjexLDVPzxdEuhYV5Rf55ZekOlc7RKnPKH7IxMBQUcQgBdWQnJ9XnJ+TqucMoUEKGSCAEaSwAACsNFCqYAAAAA==[0m[ERROR] For more information about the errors and possible solutions, please read the following articles:
[8mha:////4LgdBSLrDkAIe9rOnqR3L6VYs8VLXsmVpQ9Ka755WXanAAAAYB+LCAAAAAAAAP9b85aBtbiIQSmjNKU4P0+vJLE4u1gvPjexLDVPzxdEuhYV5Rf55ZekOlc7RKnPKH7IxMBQUcQgBdWQnJ9XnJ+TqucMoUEKGSCAEaSwAACsNFCqYAAAAA==[0m[ERROR] [Help 1] http://cwiki.apache.org/confluence/display/MAVEN/MojoExecutionException
Build step 'Invoke top-level Maven targets' marked build as failure
Finished: FAILURE
