Started by user [8mha:////4M/bqk4aNQZHVITmKUsCYYCPPDlY0yTb56LIPx2Pjh0RAAAAlx+LCAAAAAAAAP9b85aBtbiIQTGjNKU4P08vOT+vOD8nVc83PyU1x6OyILUoJzMv2y+/JJUBAhiZGBgqihhk0NSjKDWzXb3RdlLBUSYGJk8GtpzUvPSSDB8G5tKinBIGIZ+sxLJE/ZzEvHT94JKizLx0a6BxUmjGOUNodHsLgAzWEgZu/dLi1CL9xJTczDwAj6GcLcAAAAA=[0madmin
Running as SYSTEM
Building in workspace C:\WINDOWS\system32\config\systemprofile\AppData\Local\Jenkins\.jenkins\workspace\prod
The recommended git tool is: NONE
No credentials specified
 > git.exe rev-parse --resolve-git-dir C:\WINDOWS\system32\config\systemprofile\AppData\Local\Jenkins\.jenkins\workspace\prod\.git # timeout=10
Fetching changes from the remote Git repository
 > git.exe config remote.origin.url https://github.com/nagadevops2016/jenkins-maven.git # timeout=10
Fetching upstream changes from https://github.com/nagadevops2016/jenkins-maven.git
 > git.exe --version # timeout=10
 > git --version # 'git version 2.30.1.windows.1'
 > git.exe fetch --tags --force --progress -- https://github.com/nagadevops2016/jenkins-maven.git +refs/heads/*:refs/remotes/origin/* # timeout=10
 > git.exe rev-parse "refs/remotes/origin/master^{commit}" # timeout=10
Checking out Revision 2a8d201f07b2a110bef6d1de8e3f29a1f5646a03 (refs/remotes/origin/master)
 > git.exe config core.sparsecheckout # timeout=10
 > git.exe checkout -f 2a8d201f07b2a110bef6d1de8e3f29a1f5646a03 # timeout=10
Commit message: "commited sample file"
 > git.exe rev-list --no-walk 2a8d201f07b2a110bef6d1de8e3f29a1f5646a03 # timeout=10
[prod] $ cmd.exe /C "mvn clean package && exit %%ERRORLEVEL%%"
[INFO] Scanning for projects...
[INFO] ------------------------------------------------------------------------
[INFO] Reactor Build Order:
[INFO] 
[INFO] Time Tracker (Parent)                                              [pom]
[INFO] Time Tracker (Core)                                                [jar]
[INFO] Time Tracker (Web)                                                 [war]
[INFO] 
[INFO] -------------< training.time-tracker:time-tracker-parent >--------------
[INFO] Building Time Tracker (Parent) 0.3.1-SNAPSHOT                      [1/3]
[INFO] --------------------------------[ pom ]---------------------------------
[INFO] 
[8mha:////4JxSD+fj4cgTIpdr/mNPy6uRkvruDMP1vAmhwN/ArwaIAAAAYB+LCAAAAAAAAP9b85aBtbiIQSmjNKU4P0+vJLE4u1gvPjexLDVPzxdEGvvmZ+X75ZekLlOVfvTjc8FPJgaGiiIGKaiG5Py84vycVD1nCA1SyAABjCCFBQCV27OjYAAAAA==[0m[INFO] --- maven-clean-plugin:2.5:clean (default-clean) @ time-tracker-parent ---
[INFO] 
[INFO] --------------< training.time-tracker:time-tracker-core >---------------
[INFO] Building Time Tracker (Core) 0.3.1-SNAPSHOT                        [2/3]
[INFO] --------------------------------[ jar ]---------------------------------
[INFO] 
[8mha:////4JxSD+fj4cgTIpdr/mNPy6uRkvruDMP1vAmhwN/ArwaIAAAAYB+LCAAAAAAAAP9b85aBtbiIQSmjNKU4P0+vJLE4u1gvPjexLDVPzxdEGvvmZ+X75ZekLlOVfvTjc8FPJgaGiiIGKaiG5Py84vycVD1nCA1SyAABjCCFBQCV27OjYAAAAA==[0m[INFO] --- maven-clean-plugin:2.5:clean (default-clean) @ time-tracker-core ---
[INFO] 
[8mha:////4JxSD+fj4cgTIpdr/mNPy6uRkvruDMP1vAmhwN/ArwaIAAAAYB+LCAAAAAAAAP9b85aBtbiIQSmjNKU4P0+vJLE4u1gvPjexLDVPzxdEGvvmZ+X75ZekLlOVfvTjc8FPJgaGiiIGKaiG5Py84vycVD1nCA1SyAABjCCFBQCV27OjYAAAAA==[0m[INFO] --- maven-resources-plugin:2.6:resources (default-resources) @ time-tracker-core ---
[8mha:////4C2amq/RO5fqkMSiLQ72SenxiTwCcnNaCqmOnNN18vxXAAAAYx+LCAAAAAAAAP9b85aBtbiIQSWjNKU4P0+vJLE4u1gvPjexLDVPzxdEhicW5WXmpfvll6S2fNly5fzGzauYGBgqihikoFqS8/OK83NS9ZwhNEghAwQwghQWAACwxA+XYgAAAA==[0m[WARNING] Using platform encoding (Cp1252 actually) to copy filtered resources, i.e. build is platform dependent!
[INFO] skip non existing resourceDirectory C:\Windows\System32\config\systemprofile\AppData\Local\Jenkins\.jenkins\workspace\prod\core\src\main\resources
[INFO] 
[8mha:////4JxSD+fj4cgTIpdr/mNPy6uRkvruDMP1vAmhwN/ArwaIAAAAYB+LCAAAAAAAAP9b85aBtbiIQSmjNKU4P0+vJLE4u1gvPjexLDVPzxdEGvvmZ+X75ZekLlOVfvTjc8FPJgaGiiIGKaiG5Py84vycVD1nCA1SyAABjCCFBQCV27OjYAAAAA==[0m[INFO] --- maven-compiler-plugin:3.3:compile (default-compile) @ time-tracker-core ---
[INFO] Changes detected - recompiling the module!
[8mha:////4C2amq/RO5fqkMSiLQ72SenxiTwCcnNaCqmOnNN18vxXAAAAYx+LCAAAAAAAAP9b85aBtbiIQSWjNKU4P0+vJLE4u1gvPjexLDVPzxdEhicW5WXmpfvll6S2fNly5fzGzauYGBgqihikoFqS8/OK83NS9ZwhNEghAwQwghQWAACwxA+XYgAAAA==[0m[WARNING] File encoding has not been set, using platform encoding Cp1252, i.e. build is platform dependent!
[INFO] Compiling 3 source files to C:\Windows\System32\config\systemprofile\AppData\Local\Jenkins\.jenkins\workspace\prod\core\target\classes
[8mha:////4C2amq/RO5fqkMSiLQ72SenxiTwCcnNaCqmOnNN18vxXAAAAYx+LCAAAAAAAAP9b85aBtbiIQSWjNKU4P0+vJLE4u1gvPjexLDVPzxdEhicW5WXmpfvll6S2fNly5fzGzauYGBgqihikoFqS8/OK83NS9ZwhNEghAwQwghQWAACwxA+XYgAAAA==[0m[WARNING] Unable to autodetect 'javac' path, using 'javac' from the environment.
[INFO] ------------------------------------------------------------------------
[INFO] Reactor Summary for Time Tracker (Parent) 0.3.1-SNAPSHOT:
[INFO] 
[INFO] Time Tracker (Parent) .............................. SUCCESS [  1.334 s]
[INFO] Time Tracker (Core) ................................ FAILURE [ 11.931 s]
[INFO] Time Tracker (Web) ................................. SKIPPED
[INFO] ------------------------------------------------------------------------
[INFO] BUILD FAILURE
[INFO] ------------------------------------------------------------------------
[INFO] Total time:  13.782 s
[INFO] Finished at: 2021-04-15T19:15:28+05:30
[INFO] ------------------------------------------------------------------------
[8mha:////4LgdBSLrDkAIe9rOnqR3L6VYs8VLXsmVpQ9Ka755WXanAAAAYB+LCAAAAAAAAP9b85aBtbiIQSmjNKU4P0+vJLE4u1gvPjexLDVPzxdEuhYV5Rf55ZekOlc7RKnPKH7IxMBQUcQgBdWQnJ9XnJ+TqucMoUEKGSCAEaSwAACsNFCqYAAAAA==[0m[ERROR] Failed to execute goal org.apache.maven.plugins:maven-compiler-plugin:3.3:compile (default-compile) on project time-tracker-core: Compilation failure -> [Help 1]
[8mha:////4LgdBSLrDkAIe9rOnqR3L6VYs8VLXsmVpQ9Ka755WXanAAAAYB+LCAAAAAAAAP9b85aBtbiIQSmjNKU4P0+vJLE4u1gvPjexLDVPzxdEuhYV5Rf55ZekOlc7RKnPKH7IxMBQUcQgBdWQnJ9XnJ+TqucMoUEKGSCAEaSwAACsNFCqYAAAAA==[0m[ERROR] 
[8mha:////4LgdBSLrDkAIe9rOnqR3L6VYs8VLXsmVpQ9Ka755WXanAAAAYB+LCAAAAAAAAP9b85aBtbiIQSmjNKU4P0+vJLE4u1gvPjexLDVPzxdEuhYV5Rf55ZekOlc7RKnPKH7IxMBQUcQgBdWQnJ9XnJ+TqucMoUEKGSCAEaSwAACsNFCqYAAAAA==[0m[ERROR] To see the full stack trace of the errors, re-run Maven with the -e switch.
[8mha:////4LgdBSLrDkAIe9rOnqR3L6VYs8VLXsmVpQ9Ka755WXanAAAAYB+LCAAAAAAAAP9b85aBtbiIQSmjNKU4P0+vJLE4u1gvPjexLDVPzxdEuhYV5Rf55ZekOlc7RKnPKH7IxMBQUcQgBdWQnJ9XnJ+TqucMoUEKGSCAEaSwAACsNFCqYAAAAA==[0m[ERROR] Re-run Maven using the -X switch to enable full debug logging.
[8mha:////4LgdBSLrDkAIe9rOnqR3L6VYs8VLXsmVpQ9Ka755WXanAAAAYB+LCAAAAAAAAP9b85aBtbiIQSmjNKU4P0+vJLE4u1gvPjexLDVPzxdEuhYV5Rf55ZekOlc7RKnPKH7IxMBQUcQgBdWQnJ9XnJ+TqucMoUEKGSCAEaSwAACsNFCqYAAAAA==[0m[ERROR] 
[8mha:////4LgdBSLrDkAIe9rOnqR3L6VYs8VLXsmVpQ9Ka755WXanAAAAYB+LCAAAAAAAAP9b85aBtbiIQSmjNKU4P0+vJLE4u1gvPjexLDVPzxdEuhYV5Rf55ZekOlc7RKnPKH7IxMBQUcQgBdWQnJ9XnJ+TqucMoUEKGSCAEaSwAACsNFCqYAAAAA==[0m[ERROR] For more information about the errors and possible solutions, please read the following articles:
[8mha:////4LgdBSLrDkAIe9rOnqR3L6VYs8VLXsmVpQ9Ka755WXanAAAAYB+LCAAAAAAAAP9b85aBtbiIQSmjNKU4P0+vJLE4u1gvPjexLDVPzxdEuhYV5Rf55ZekOlc7RKnPKH7IxMBQUcQgBdWQnJ9XnJ+TqucMoUEKGSCAEaSwAACsNFCqYAAAAA==[0m[ERROR] [Help 1] http://cwiki.apache.org/confluence/display/MAVEN/MojoFailureException
[8mha:////4LgdBSLrDkAIe9rOnqR3L6VYs8VLXsmVpQ9Ka755WXanAAAAYB+LCAAAAAAAAP9b85aBtbiIQSmjNKU4P0+vJLE4u1gvPjexLDVPzxdEuhYV5Rf55ZekOlc7RKnPKH7IxMBQUcQgBdWQnJ9XnJ+TqucMoUEKGSCAEaSwAACsNFCqYAAAAA==[0m[ERROR] 
[8mha:////4LgdBSLrDkAIe9rOnqR3L6VYs8VLXsmVpQ9Ka755WXanAAAAYB+LCAAAAAAAAP9b85aBtbiIQSmjNKU4P0+vJLE4u1gvPjexLDVPzxdEuhYV5Rf55ZekOlc7RKnPKH7IxMBQUcQgBdWQnJ9XnJ+TqucMoUEKGSCAEaSwAACsNFCqYAAAAA==[0m[ERROR] After correcting the problems, you can resume the build with the command
[8mha:////4LgdBSLrDkAIe9rOnqR3L6VYs8VLXsmVpQ9Ka755WXanAAAAYB+LCAAAAAAAAP9b85aBtbiIQSmjNKU4P0+vJLE4u1gvPjexLDVPzxdEuhYV5Rf55ZekOlc7RKnPKH7IxMBQUcQgBdWQnJ9XnJ+TqucMoUEKGSCAEaSwAACsNFCqYAAAAA==[0m[ERROR]   mvn <args> -rf :time-tracker-core
Build step 'Invoke top-level Maven targets' marked build as failure
Finished: FAILURE
