Started by user [8mha:////4M/bqk4aNQZHVITmKUsCYYCPPDlY0yTb56LIPx2Pjh0RAAAAlx+LCAAAAAAAAP9b85aBtbiIQTGjNKU4P08vOT+vOD8nVc83PyU1x6OyILUoJzMv2y+/JJUBAhiZGBgqihhk0NSjKDWzXb3RdlLBUSYGJk8GtpzUvPSSDB8G5tKinBIGIZ+sxLJE/ZzEvHT94JKizLx0a6BxUmjGOUNodHsLgAzWEgZu/dLi1CL9xJTczDwAj6GcLcAAAAA=[0madmin
Running as SYSTEM
Building in workspace C:\WINDOWS\system32\config\systemprofile\AppData\Local\Jenkins\.jenkins\workspace\rajutest
The recommended git tool is: NONE
No credentials specified
Cloning the remote Git repository
Cloning repository https://github.com/nagadevops2016/jenkins-maven.git
 > git.exe init C:\WINDOWS\system32\config\systemprofile\AppData\Local\Jenkins\.jenkins\workspace\rajutest # timeout=10
Fetching upstream changes from https://github.com/nagadevops2016/jenkins-maven.git
 > git.exe --version # timeout=10
 > git --version # 'git version 2.30.1.windows.1'
 > git.exe fetch --tags --force --progress -- https://github.com/nagadevops2016/jenkins-maven.git +refs/heads/*:refs/remotes/origin/* # timeout=10
 > git.exe config remote.origin.url https://github.com/nagadevops2016/jenkins-maven.git # timeout=10
 > git.exe config --add remote.origin.fetch +refs/heads/*:refs/remotes/origin/* # timeout=10
Avoid second fetch
 > git.exe rev-parse "refs/remotes/origin/master^{commit}" # timeout=10
Checking out Revision bf46ffa2adfd78d60d84d1db1300814533aea6ed (refs/remotes/origin/master)
 > git.exe config core.sparsecheckout # timeout=10
 > git.exe checkout -f bf46ffa2adfd78d60d84d1db1300814533aea6ed # timeout=10
Commit message: "Update index.jsp"
First time build. Skipping changelog.
[rajutest] $ cmd.exe /C '""C:\Users\akshaya computers\Desktop\DevOps\apache-maven-3.6.3\bin\mvn.cmd"' mvn clean verify sonar:sonar -Dsonar.login=admin _Dsonar.password=admin123 && exit %%ERRORLEVEL%%"
[INFO] Scanning for projects...
[INFO] ------------------------------------------------------------------------
[INFO] Reactor Build Order:
[INFO] 
[INFO] Time Tracker (Parent)                                              [pom]
[INFO] Time Tracker (Core)                                                [jar]
[INFO] Time Tracker (Web)                                                 [war]
[INFO] 
[INFO] -------------< training.time-tracker:time-tracker-parent >--------------
[INFO] Building Time Tracker (Parent) 0.3.1-SNAPSHOT                      [1/3]
[INFO] --------------------------------[ pom ]---------------------------------
[INFO] 
[INFO] ------------------------------------------------------------------------
[INFO] Skipping Time Tracker (Parent)
[INFO] This project has been banned from the build due to previous failures.
[INFO] ------------------------------------------------------------------------
[INFO] 
[INFO] ------------------------------------------------------------------------
[INFO] Skipping Time Tracker (Parent)
[INFO] This project has been banned from the build due to previous failures.
[INFO] ------------------------------------------------------------------------
[INFO] ------------------------------------------------------------------------
[INFO] Reactor Summary for Time Tracker (Parent) 0.3.1-SNAPSHOT:
[INFO] 
[INFO] Time Tracker (Parent) .............................. FAILURE [  0.046 s]
[INFO] Time Tracker (Core) ................................ SKIPPED
[INFO] Time Tracker (Web) ................................. SKIPPED
[INFO] ------------------------------------------------------------------------
[INFO] BUILD FAILURE
[INFO] ------------------------------------------------------------------------
[INFO] Total time:  5.877 s
[INFO] Finished at: 2021-05-06T17:02:05+05:30
[INFO] ------------------------------------------------------------------------
[8mha:////4LgdBSLrDkAIe9rOnqR3L6VYs8VLXsmVpQ9Ka755WXanAAAAYB+LCAAAAAAAAP9b85aBtbiIQSmjNKU4P0+vJLE4u1gvPjexLDVPzxdEuhYV5Rf55ZekOlc7RKnPKH7IxMBQUcQgBdWQnJ9XnJ+TqucMoUEKGSCAEaSwAACsNFCqYAAAAA==[0m[ERROR] Unknown lifecycle phase "mvn". You must specify a valid lifecycle phase or a goal in the format <plugin-prefix>:<goal> or <plugin-group-id>:<plugin-artifact-id>[:<plugin-version>]:<goal>. Available lifecycle phases are: validate, initialize, generate-sources, process-sources, generate-resources, process-resources, compile, process-classes, generate-test-sources, process-test-sources, generate-test-resources, process-test-resources, test-compile, process-test-classes, test, prepare-package, package, pre-integration-test, integration-test, post-integration-test, verify, install, deploy, pre-clean, clean, post-clean, pre-site, site, post-site, site-deploy. -> [Help 1]
[8mha:////4LgdBSLrDkAIe9rOnqR3L6VYs8VLXsmVpQ9Ka755WXanAAAAYB+LCAAAAAAAAP9b85aBtbiIQSmjNKU4P0+vJLE4u1gvPjexLDVPzxdEuhYV5Rf55ZekOlc7RKnPKH7IxMBQUcQgBdWQnJ9XnJ+TqucMoUEKGSCAEaSwAACsNFCqYAAAAA==[0m[ERROR] 
[8mha:////4LgdBSLrDkAIe9rOnqR3L6VYs8VLXsmVpQ9Ka755WXanAAAAYB+LCAAAAAAAAP9b85aBtbiIQSmjNKU4P0+vJLE4u1gvPjexLDVPzxdEuhYV5Rf55ZekOlc7RKnPKH7IxMBQUcQgBdWQnJ9XnJ+TqucMoUEKGSCAEaSwAACsNFCqYAAAAA==[0m[ERROR] To see the full stack trace of the errors, re-run Maven with the -e switch.
[8mha:////4LgdBSLrDkAIe9rOnqR3L6VYs8VLXsmVpQ9Ka755WXanAAAAYB+LCAAAAAAAAP9b85aBtbiIQSmjNKU4P0+vJLE4u1gvPjexLDVPzxdEuhYV5Rf55ZekOlc7RKnPKH7IxMBQUcQgBdWQnJ9XnJ+TqucMoUEKGSCAEaSwAACsNFCqYAAAAA==[0m[ERROR] Re-run Maven using the -X switch to enable full debug logging.
[8mha:////4LgdBSLrDkAIe9rOnqR3L6VYs8VLXsmVpQ9Ka755WXanAAAAYB+LCAAAAAAAAP9b85aBtbiIQSmjNKU4P0+vJLE4u1gvPjexLDVPzxdEuhYV5Rf55ZekOlc7RKnPKH7IxMBQUcQgBdWQnJ9XnJ+TqucMoUEKGSCAEaSwAACsNFCqYAAAAA==[0m[ERROR] 
[8mha:////4LgdBSLrDkAIe9rOnqR3L6VYs8VLXsmVpQ9Ka755WXanAAAAYB+LCAAAAAAAAP9b85aBtbiIQSmjNKU4P0+vJLE4u1gvPjexLDVPzxdEuhYV5Rf55ZekOlc7RKnPKH7IxMBQUcQgBdWQnJ9XnJ+TqucMoUEKGSCAEaSwAACsNFCqYAAAAA==[0m[ERROR] For more information about the errors and possible solutions, please read the following articles:
[8mha:////4LgdBSLrDkAIe9rOnqR3L6VYs8VLXsmVpQ9Ka755WXanAAAAYB+LCAAAAAAAAP9b85aBtbiIQSmjNKU4P0+vJLE4u1gvPjexLDVPzxdEuhYV5Rf55ZekOlc7RKnPKH7IxMBQUcQgBdWQnJ9XnJ+TqucMoUEKGSCAEaSwAACsNFCqYAAAAA==[0m[ERROR] [Help 1] http://cwiki.apache.org/confluence/display/MAVEN/LifecyclePhaseNotFoundException
Build step 'Invoke top-level Maven targets' marked build as failure
Finished: FAILURE
